<?xml version="1.0" encoding="UTF-8"?>
<robot generator="Robot 3.0.4 (Python 3.7.0 on win32)" generated="20180802 15:44:04.206">
<suite id="s1" name="UnitySuite" source="C:\Users\RyanVB\RobotKeywords\UnitySuite.robot">
<kw name="Run Keywords" library="BuiltIn" type="setup">
<doc>Executes all the given keywords in a sequence.</doc>
<arguments>
<arg>Open Browser</arg>
<arg>${page}</arg>
<arg>${browser}</arg>
<arg>AND</arg>
<arg>maximize browser window</arg>
<arg>AND</arg>
<arg>Set Selenium Speed</arg>
<arg>0.5</arg>
</arguments>
<kw name="Open Browser" library="SeleniumLibrary">
<doc>Opens a new browser instance to the given ``url``.</doc>
<arguments>
<arg>${page}</arg>
<arg>${browser}</arg>
</arguments>
<msg timestamp="20180802 15:44:04.545" level="INFO">Opening browser 'GoogleChrome' to base url 'http://pcm-dev1-1163553704.eu-west-2.elb.amazonaws.com/unity/#'.</msg>
<status status="PASS" starttime="20180802 15:44:04.545" endtime="20180802 15:44:11.035"></status>
</kw>
<kw name="Maximize Browser Window" library="SeleniumLibrary">
<doc>Maximizes current browser window.</doc>
<status status="PASS" starttime="20180802 15:44:11.036" endtime="20180802 15:44:12.190"></status>
</kw>
<kw name="Set Selenium Speed" library="SeleniumLibrary">
<doc>Sets the delay that is waited after each Selenium command.</doc>
<arguments>
<arg>0.5</arg>
</arguments>
<status status="PASS" starttime="20180802 15:44:12.191" endtime="20180802 15:44:12.191"></status>
</kw>
<status status="PASS" starttime="20180802 15:44:04.545" endtime="20180802 15:44:12.191"></status>
</kw>
<test id="s1-t1" name="Add SDT Root">
<kw name="Add SDT" library="unitykeywords">
<arguments>
<arg>${rootnode}</arg>
<arg>AUTO_GEN_SDT_${counter}</arg>
<arg>Auto Gen SDT</arg>
</arguments>
<kw name="Item From Context Menu" library="generickeywords">
<arguments>
<arg>${parent}</arg>
<arg>Add New Service Delivery Type</arg>
</arguments>
<kw name="Text XPath" library="generickeywords">
<arguments>
<arg>${locator}</arg>
</arguments>
<assign>
<var>${locator}</var>
</assign>
<msg timestamp="20180802 15:44:12.195" level="INFO">${locator} = xpath: //*[text() = 'xpath: //*[contains(@id, 'qId_/_')]']</msg>
<status status="PASS" starttime="20180802 15:44:12.194" endtime="20180802 15:44:12.195"></status>
</kw>
<kw name="Open Context Menu" library="SeleniumLibrary">
<doc>Opens context menu on element identified by ``locator``.</doc>
<arguments>
<arg>${locator}</arg>
</arguments>
<kw name="Capture Page Screenshot" library="SeleniumLibrary">
<doc>Takes screenshot of the current page and embeds it into log file.</doc>
<msg timestamp="20180802 15:44:13.055" level="INFO" html="yes">&lt;/td&gt;&lt;/tr&gt;&lt;tr&gt;&lt;td colspan="3"&gt;&lt;a href="selenium-screenshot-21.png"&gt;&lt;img src="selenium-screenshot-21.png" width="800px"&gt;&lt;/a&gt;</msg>
<status status="PASS" starttime="20180802 15:44:12.216" endtime="20180802 15:44:13.056"></status>
</kw>
<msg timestamp="20180802 15:44:13.091" level="FAIL">InvalidSelectorException: Message: invalid selector: Unable to locate an element with the xpath expression //*[text() = 'xpath: //*[contains(@id, 'qId_/_')]'] because of the following error:
SyntaxError: Failed to execute 'evaluate' on 'Document': The string '//*[text() = 'xpath: //*[contains(@id, 'qId_/_')]']' is not a valid XPath expression.
  (Session info: chrome=68.0.3440.84)
  (Driver info: chromedriver=2.40.565498 (ea082db3280dd6843ebfb08a625e3eb905c4f5ab),platform=Windows NT 10.0.14393 x86_64)
</msg>
<status status="FAIL" starttime="20180802 15:44:12.195" endtime="20180802 15:44:13.091"></status>
</kw>
<status status="FAIL" starttime="20180802 15:44:12.194" endtime="20180802 15:44:13.091"></status>
</kw>
<status status="FAIL" starttime="20180802 15:44:12.193" endtime="20180802 15:44:13.091"></status>
</kw>
<kw name="Refresh Unity" library="unitykeywords" type="teardown">
<kw name="Reload Page" library="SeleniumLibrary">
<doc>Simulates user reloading page.</doc>
<status status="PASS" starttime="20180802 15:44:13.092" endtime="20180802 15:44:13.808"></status>
</kw>
<kw name="Sleep" library="BuiltIn">
<doc>Pauses the test executed for the given time.</doc>
<arguments>
<arg>2</arg>
</arguments>
<msg timestamp="20180802 15:44:15.816" level="INFO">Slept 2 seconds</msg>
<status status="PASS" starttime="20180802 15:44:13.808" endtime="20180802 15:44:15.816"></status>
</kw>
<status status="PASS" starttime="20180802 15:44:13.092" endtime="20180802 15:44:15.816"></status>
</kw>
<status status="FAIL" starttime="20180802 15:44:12.192" endtime="20180802 15:44:15.816" critical="yes">InvalidSelectorException: Message: invalid selector: Unable to locate an element with the xpath expression //*[text() = 'xpath: //*[contains(@id, 'qId_/_')]'] because of the following error:
SyntaxError: Failed to execute 'evaluate' on 'Document': The string '//*[text() = 'xpath: //*[contains(@id, 'qId_/_')]']' is not a valid XPath expression.
  (Session info: chrome=68.0.3440.84)
  (Driver info: chromedriver=2.40.565498 (ea082db3280dd6843ebfb08a625e3eb905c4f5ab),platform=Windows NT 10.0.14393 x86_64)
</status>
</test>
<test id="s1-t2" name="Add SDT Cat 3">
<kw name="Click Text" library="generickeywords">
<arguments>
<arg>Cat 1 - Auto</arg>
</arguments>
<kw name="Text XPath" library="generickeywords">
<arguments>
<arg>${nodename}</arg>
</arguments>
<assign>
<var>${nodename}</var>
</assign>
<msg timestamp="20180802 15:44:15.816" level="INFO">${nodename} = xpath: //*[text() = 'Cat 1 - Auto']</msg>
<status status="PASS" starttime="20180802 15:44:15.816" endtime="20180802 15:44:15.816"></status>
</kw>
<kw name="Click Element" library="SeleniumLibrary">
<doc>Click element identified by ``locator``.</doc>
<arguments>
<arg>${nodename}</arg>
</arguments>
<msg timestamp="20180802 15:44:15.816" level="INFO">Clicking element 'xpath: //*[text() = 'Cat 1 - Auto']'.</msg>
<status status="PASS" starttime="20180802 15:44:15.816" endtime="20180802 15:44:16.950"></status>
</kw>
<status status="PASS" starttime="20180802 15:44:15.816" endtime="20180802 15:44:16.950"></status>
</kw>
<kw name="Add SDT" library="unitykeywords">
<arguments>
<arg>Cat 3 - Auto</arg>
<arg>AUTO_GEN_SDT_${counter}</arg>
<arg>Auto Gen SDT From Cat 3</arg>
</arguments>
<kw name="Item From Context Menu" library="generickeywords">
<arguments>
<arg>${parent}</arg>
<arg>Add New Service Delivery Type</arg>
</arguments>
<kw name="Text XPath" library="generickeywords">
<arguments>
<arg>${locator}</arg>
</arguments>
<assign>
<var>${locator}</var>
</assign>
<msg timestamp="20180802 15:44:16.951" level="INFO">${locator} = xpath: //*[text() = 'Cat 3 - Auto']</msg>
<status status="PASS" starttime="20180802 15:44:16.951" endtime="20180802 15:44:16.951"></status>
</kw>
<kw name="Open Context Menu" library="SeleniumLibrary">
<doc>Opens context menu on element identified by ``locator``.</doc>
<arguments>
<arg>${locator}</arg>
</arguments>
<status status="PASS" starttime="20180802 15:44:16.952" endtime="20180802 15:44:18.575"></status>
</kw>
<kw name="Click Text" library="generickeywords">
<arguments>
<arg>${action}</arg>
</arguments>
<kw name="Text XPath" library="generickeywords">
<arguments>
<arg>${nodename}</arg>
</arguments>
<assign>
<var>${nodename}</var>
</assign>
<msg timestamp="20180802 15:44:18.578" level="INFO">${nodename} = xpath: //*[text() = 'Add New Service Delivery Type']</msg>
<status status="PASS" starttime="20180802 15:44:18.577" endtime="20180802 15:44:18.578"></status>
</kw>
<kw name="Click Element" library="SeleniumLibrary">
<doc>Click element identified by ``locator``.</doc>
<arguments>
<arg>${nodename}</arg>
</arguments>
<msg timestamp="20180802 15:44:18.579" level="INFO">Clicking element 'xpath: //*[text() = 'Add New Service Delivery Type']'.</msg>
<status status="PASS" starttime="20180802 15:44:18.579" endtime="20180802 15:44:19.702"></status>
</kw>
<status status="PASS" starttime="20180802 15:44:18.576" endtime="20180802 15:44:19.703"></status>
</kw>
<status status="PASS" starttime="20180802 15:44:16.951" endtime="20180802 15:44:19.703"></status>
</kw>
<kw name="Input Text" library="SeleniumLibrary">
<doc>Types the given ``text`` into text field identified by ``locator``.</doc>
<arguments>
<arg>id: Category1</arg>
<arg>@{branch}[0]</arg>
</arguments>
<msg timestamp="20180802 15:44:19.703" level="INFO">Typing text 'Cat 1' into text field 'id: Category1'.</msg>
<status status="PASS" starttime="20180802 15:44:19.703" endtime="20180802 15:44:21.359"></status>
</kw>
<kw name="Input Text" library="SeleniumLibrary">
<doc>Types the given ``text`` into text field identified by ``locator``.</doc>
<arguments>
<arg>id: Category2</arg>
<arg>@{branch}[1]</arg>
</arguments>
<msg timestamp="20180802 15:44:21.359" level="INFO">Typing text 'Cat 2' into text field 'id: Category2'.</msg>
<status status="PASS" starttime="20180802 15:44:21.359" endtime="20180802 15:44:23.129"></status>
</kw>
<kw name="Input Text" library="SeleniumLibrary">
<doc>Types the given ``text`` into text field identified by ``locator``.</doc>
<arguments>
<arg>id: Category3</arg>
<arg>@{branch}[2]</arg>
</arguments>
<msg timestamp="20180802 15:44:23.129" level="INFO">Typing text 'Cat 3' into text field 'id: Category3'.</msg>
<status status="PASS" starttime="20180802 15:44:23.129" endtime="20180802 15:44:24.794"></status>
</kw>
<kw name="Input Text" library="SeleniumLibrary">
<doc>Types the given ``text`` into text field identified by ``locator``.</doc>
<arguments>
<arg>id: Code</arg>
<arg>${code}</arg>
</arguments>
<msg timestamp="20180802 15:44:24.794" level="INFO">Typing text 'AUTO_GEN_SDT_0' into text field 'id: Code'.</msg>
<status status="PASS" starttime="20180802 15:44:24.794" endtime="20180802 15:44:26.548"></status>
</kw>
<kw name="Input Text" library="SeleniumLibrary">
<doc>Types the given ``text`` into text field identified by ``locator``.</doc>
<arguments>
<arg>id: Text</arg>
<arg>${text}</arg>
</arguments>
<msg timestamp="20180802 15:44:26.548" level="INFO">Typing text 'Auto Gen SDT From Cat 3' into text field 'id: Text'.</msg>
<status status="PASS" starttime="20180802 15:44:26.548" endtime="20180802 15:44:28.392"></status>
</kw>
<kw name="Click Confirm" library="generickeywords">
<kw name="Click Button" library="SeleniumLibrary">
<doc>Clicks button identified by ``locator``.</doc>
<arguments>
<arg>class: btn-success</arg>
</arguments>
<msg timestamp="20180802 15:44:28.392" level="INFO">Clicking button 'class: btn-success'.</msg>
<status status="PASS" starttime="20180802 15:44:28.392" endtime="20180802 15:44:31.084"></status>
</kw>
<status status="PASS" starttime="20180802 15:44:28.392" endtime="20180802 15:44:31.084"></status>
</kw>
<status status="PASS" starttime="20180802 15:44:16.950" endtime="20180802 15:44:31.084"></status>
</kw>
<kw name="Increment Counter" library="variables">
<kw name="+">
<arguments>
<arg>1</arg>
</arguments>
<assign>
<var>${counter}=</var>
<var>${counter}</var>
</assign>
<msg timestamp="20180802 15:44:31.087" level="FAIL">No keyword with name '+' found.</msg>
<status status="FAIL" starttime="20180802 15:44:31.087" endtime="20180802 15:44:31.088"></status>
</kw>
<status status="FAIL" starttime="20180802 15:44:31.084" endtime="20180802 15:44:31.088"></status>
</kw>
<kw name="Refresh Unity" library="unitykeywords" type="teardown">
<kw name="Reload Page" library="SeleniumLibrary">
<doc>Simulates user reloading page.</doc>
<status status="PASS" starttime="20180802 15:44:31.088" endtime="20180802 15:44:31.727"></status>
</kw>
<kw name="Sleep" library="BuiltIn">
<doc>Pauses the test executed for the given time.</doc>
<arguments>
<arg>2</arg>
</arguments>
<msg timestamp="20180802 15:44:33.734" level="INFO">Slept 2 seconds</msg>
<status status="PASS" starttime="20180802 15:44:31.727" endtime="20180802 15:44:33.734"></status>
</kw>
<status status="PASS" starttime="20180802 15:44:31.088" endtime="20180802 15:44:33.734"></status>
</kw>
<status status="FAIL" starttime="20180802 15:44:15.816" endtime="20180802 15:44:33.734" critical="yes">No keyword with name '+' found.</status>
</test>
<test id="s1-t3" name="Remove SDT Cat 3">
<kw name="Click Text" library="generickeywords">
<arguments>
<arg>AutoTest Cat 1</arg>
</arguments>
<kw name="Text XPath" library="generickeywords">
<arguments>
<arg>${nodename}</arg>
</arguments>
<assign>
<var>${nodename}</var>
</assign>
<msg timestamp="20180802 15:44:33.734" level="INFO">${nodename} = xpath: //*[text() = 'AutoTest Cat 1']</msg>
<status status="PASS" starttime="20180802 15:44:33.734" endtime="20180802 15:44:33.734"></status>
</kw>
<kw name="Click Element" library="SeleniumLibrary">
<doc>Click element identified by ``locator``.</doc>
<arguments>
<arg>${nodename}</arg>
</arguments>
<msg timestamp="20180802 15:44:33.734" level="INFO">Clicking element 'xpath: //*[text() = 'AutoTest Cat 1']'.</msg>
<status status="PASS" starttime="20180802 15:44:33.734" endtime="20180802 15:44:34.894"></status>
</kw>
<status status="PASS" starttime="20180802 15:44:33.734" endtime="20180802 15:44:34.895"></status>
</kw>
<kw name="Element Should Be Visible" library="SeleniumLibrary">
<doc>Verifies that the element identified by ``locator`` is visible.</doc>
<arguments>
<arg>xpath: //*[text()= 'Auto Gen SDT From Cat 3']</arg>
</arguments>
<kw name="Capture Page Screenshot" library="SeleniumLibrary">
<doc>Takes screenshot of the current page and embeds it into log file.</doc>
<msg timestamp="20180802 15:44:36.260" level="INFO" html="yes">&lt;/td&gt;&lt;/tr&gt;&lt;tr&gt;&lt;td colspan="3"&gt;&lt;a href="selenium-screenshot-22.png"&gt;&lt;img src="selenium-screenshot-22.png" width="800px"&gt;&lt;/a&gt;</msg>
<status status="PASS" starttime="20180802 15:44:35.428" endtime="20180802 15:44:36.261"></status>
</kw>
<msg timestamp="20180802 15:44:36.265" level="FAIL">Element with locator 'xpath: //*[text()= 'Auto Gen SDT From Cat 3']' not found.</msg>
<status status="FAIL" starttime="20180802 15:44:34.895" endtime="20180802 15:44:36.266"></status>
</kw>
<kw name="Refresh Unity" library="unitykeywords" type="teardown">
<kw name="Reload Page" library="SeleniumLibrary">
<doc>Simulates user reloading page.</doc>
<status status="PASS" starttime="20180802 15:44:36.268" endtime="20180802 15:44:36.896"></status>
</kw>
<kw name="Sleep" library="BuiltIn">
<doc>Pauses the test executed for the given time.</doc>
<arguments>
<arg>2</arg>
</arguments>
<msg timestamp="20180802 15:44:38.909" level="INFO">Slept 2 seconds</msg>
<status status="PASS" starttime="20180802 15:44:36.896" endtime="20180802 15:44:38.909"></status>
</kw>
<status status="PASS" starttime="20180802 15:44:36.267" endtime="20180802 15:44:38.909"></status>
</kw>
<status status="FAIL" starttime="20180802 15:44:33.734" endtime="20180802 15:44:38.909" critical="yes">Element with locator 'xpath: //*[text()= 'Auto Gen SDT From Cat 3']' not found.</status>
</test>
<kw name="Close Browser" library="SeleniumLibrary" type="teardown">
<doc>Closes the current browser.</doc>
<status status="PASS" starttime="20180802 15:44:38.909" endtime="20180802 15:44:41.784"></status>
</kw>
<status status="FAIL" starttime="20180802 15:44:04.206" endtime="20180802 15:44:41.784"></status>
</suite>
<statistics>
<total>
<stat pass="0" fail="3">Critical Tests</stat>
<stat pass="0" fail="3">All Tests</stat>
</total>
<tag>
</tag>
<suite>
<stat pass="0" fail="3" id="s1" name="UnitySuite">UnitySuite</stat>
</suite>
</statistics>
<errors>
</errors>
</robot>
