<?xml version="1.0" encoding="UTF-8"?>
<robot generator="Robot 3.0.4 (Python 3.7.0 on win32)" generated="20180803 09:52:11.281">
<suite id="s1" name="UnitySuite" source="C:\Users\RyanVB\RobotKeywords\UnitySuite.robot">
<kw name="Run Keywords" library="BuiltIn" type="setup">
<doc>Executes all the given keywords in a sequence.</doc>
<arguments>
<arg>Open Browser</arg>
<arg>${page}</arg>
<arg>${browser}</arg>
<arg>AND</arg>
<arg>maximize browser window</arg>
<arg>AND</arg>
<arg>Set Selenium Speed</arg>
<arg>0.5</arg>
</arguments>
<kw name="Open Browser" library="SeleniumLibrary">
<doc>Opens a new browser instance to the given ``url``.</doc>
<arguments>
<arg>${page}</arg>
<arg>${browser}</arg>
</arguments>
<msg timestamp="20180803 09:52:12.254" level="INFO">Opening browser 'GoogleChrome' to base url 'http://pcm-dev1-1163553704.eu-west-2.elb.amazonaws.com/unity/#'.</msg>
<status status="PASS" starttime="20180803 09:52:12.254" endtime="20180803 09:52:19.861"></status>
</kw>
<kw name="Maximize Browser Window" library="SeleniumLibrary">
<doc>Maximizes current browser window.</doc>
<status status="PASS" starttime="20180803 09:52:19.861" endtime="20180803 09:52:21.014"></status>
</kw>
<kw name="Set Selenium Speed" library="SeleniumLibrary">
<doc>Sets the delay that is waited after each Selenium command.</doc>
<arguments>
<arg>0.5</arg>
</arguments>
<status status="PASS" starttime="20180803 09:52:21.014" endtime="20180803 09:52:21.014"></status>
</kw>
<status status="PASS" starttime="20180803 09:52:12.254" endtime="20180803 09:52:21.014"></status>
</kw>
<test id="s1-t1" name="Add SDT Root">
<kw name="Add SDT" library="unitykeywords">
<arguments>
<arg>${rootnode}</arg>
<arg>AUTO_GEN_SDT_${counter}</arg>
<arg>Auto Gen SDT</arg>
</arguments>
<kw name="Item From Context Menu" library="generickeywords">
<arguments>
<arg>${parent}</arg>
<arg>Add New Service Delivery Type</arg>
</arguments>
<kw name="Text XPath" library="generickeywords">
<arguments>
<arg>${locator}</arg>
</arguments>
<assign>
<var>${locator}</var>
</assign>
<msg timestamp="20180803 09:52:21.017" level="INFO">${locator} = xpath: //*[text() = 'xpath: //*[contains(@id, 'qId_/_')]']</msg>
<status status="PASS" starttime="20180803 09:52:21.017" endtime="20180803 09:52:21.017"></status>
</kw>
<kw name="Open Context Menu" library="SeleniumLibrary">
<doc>Opens context menu on element identified by ``locator``.</doc>
<arguments>
<arg>${locator}</arg>
</arguments>
<kw name="Capture Page Screenshot" library="SeleniumLibrary">
<doc>Takes screenshot of the current page and embeds it into log file.</doc>
<msg timestamp="20180803 09:52:21.946" level="INFO" html="yes">&lt;/td&gt;&lt;/tr&gt;&lt;tr&gt;&lt;td colspan="3"&gt;&lt;a href="selenium-screenshot-23.png"&gt;&lt;img src="selenium-screenshot-23.png" width="800px"&gt;&lt;/a&gt;</msg>
<status status="PASS" starttime="20180803 09:52:21.064" endtime="20180803 09:52:21.946"></status>
</kw>
<msg timestamp="20180803 09:52:21.998" level="FAIL">InvalidSelectorException: Message: invalid selector: Unable to locate an element with the xpath expression //*[text() = 'xpath: //*[contains(@id, 'qId_/_')]'] because of the following error:
SyntaxError: Failed to execute 'evaluate' on 'Document': The string '//*[text() = 'xpath: //*[contains(@id, 'qId_/_')]']' is not a valid XPath expression.
  (Session info: chrome=68.0.3440.84)
  (Driver info: chromedriver=2.40.565498 (ea082db3280dd6843ebfb08a625e3eb905c4f5ab),platform=Windows NT 10.0.14393 x86_64)
</msg>
<status status="FAIL" starttime="20180803 09:52:21.017" endtime="20180803 09:52:21.998"></status>
</kw>
<status status="FAIL" starttime="20180803 09:52:21.014" endtime="20180803 09:52:22.002"></status>
</kw>
<status status="FAIL" starttime="20180803 09:52:21.014" endtime="20180803 09:52:22.002"></status>
</kw>
<kw name="Refresh Unity" library="unitykeywords" type="teardown">
<kw name="Reload Page" library="SeleniumLibrary">
<doc>Simulates user reloading page.</doc>
<status status="PASS" starttime="20180803 09:52:22.002" endtime="20180803 09:52:22.811"></status>
</kw>
<kw name="Sleep" library="BuiltIn">
<doc>Pauses the test executed for the given time.</doc>
<arguments>
<arg>2</arg>
</arguments>
<msg timestamp="20180803 09:52:24.812" level="INFO">Slept 2 seconds</msg>
<status status="PASS" starttime="20180803 09:52:22.811" endtime="20180803 09:52:24.812"></status>
</kw>
<status status="PASS" starttime="20180803 09:52:22.002" endtime="20180803 09:52:24.812"></status>
</kw>
<status status="FAIL" starttime="20180803 09:52:21.014" endtime="20180803 09:52:24.812" critical="yes">InvalidSelectorException: Message: invalid selector: Unable to locate an element with the xpath expression //*[text() = 'xpath: //*[contains(@id, 'qId_/_')]'] because of the following error:
SyntaxError: Failed to execute 'evaluate' on 'Document': The string '//*[text() = 'xpath: //*[contains(@id, 'qId_/_')]']' is not a valid XPath expression.
  (Session info: chrome=68.0.3440.84)
  (Driver info: chromedriver=2.40.565498 (ea082db3280dd6843ebfb08a625e3eb905c4f5ab),platform=Windows NT 10.0.14393 x86_64)
</status>
</test>
<test id="s1-t2" name="Add SDT Cat 3">
<kw name="Click Text" library="generickeywords">
<arguments>
<arg>Cat 1 - Auto</arg>
</arguments>
<kw name="Text XPath" library="generickeywords">
<arguments>
<arg>${nodename}</arg>
</arguments>
<assign>
<var>${nodename}</var>
</assign>
<msg timestamp="20180803 09:52:24.816" level="INFO">${nodename} = xpath: //*[text() = 'Cat 1 - Auto']</msg>
<status status="PASS" starttime="20180803 09:52:24.816" endtime="20180803 09:52:24.816"></status>
</kw>
<kw name="Click Element" library="SeleniumLibrary">
<doc>Click element identified by ``locator``.</doc>
<arguments>
<arg>${nodename}</arg>
</arguments>
<msg timestamp="20180803 09:52:24.820" level="INFO">Clicking element 'xpath: //*[text() = 'Cat 1 - Auto']'.</msg>
<status status="PASS" starttime="20180803 09:52:24.816" endtime="20180803 09:52:26.102"></status>
</kw>
<status status="PASS" starttime="20180803 09:52:24.816" endtime="20180803 09:52:26.102"></status>
</kw>
<kw name="Add SDT" library="unitykeywords">
<arguments>
<arg>Cat 3 - Auto</arg>
<arg>AUTO_GEN_SDT_${counter}</arg>
<arg>Auto Gen SDT From Cat 3</arg>
</arguments>
<kw name="Item From Context Menu" library="generickeywords">
<arguments>
<arg>${parent}</arg>
<arg>Add New Service Delivery Type</arg>
</arguments>
<kw name="Text XPath" library="generickeywords">
<arguments>
<arg>${locator}</arg>
</arguments>
<assign>
<var>${locator}</var>
</assign>
<msg timestamp="20180803 09:52:26.106" level="INFO">${locator} = xpath: //*[text() = 'Cat 3 - Auto']</msg>
<status status="PASS" starttime="20180803 09:52:26.106" endtime="20180803 09:52:26.106"></status>
</kw>
<kw name="Open Context Menu" library="SeleniumLibrary">
<doc>Opens context menu on element identified by ``locator``.</doc>
<arguments>
<arg>${locator}</arg>
</arguments>
<status status="PASS" starttime="20180803 09:52:26.106" endtime="20180803 09:52:27.796"></status>
</kw>
<kw name="Click Text" library="generickeywords">
<arguments>
<arg>${action}</arg>
</arguments>
<kw name="Text XPath" library="generickeywords">
<arguments>
<arg>${nodename}</arg>
</arguments>
<assign>
<var>${nodename}</var>
</assign>
<msg timestamp="20180803 09:52:27.796" level="INFO">${nodename} = xpath: //*[text() = 'Add New Service Delivery Type']</msg>
<status status="PASS" starttime="20180803 09:52:27.796" endtime="20180803 09:52:27.796"></status>
</kw>
<kw name="Click Element" library="SeleniumLibrary">
<doc>Click element identified by ``locator``.</doc>
<arguments>
<arg>${nodename}</arg>
</arguments>
<msg timestamp="20180803 09:52:27.800" level="INFO">Clicking element 'xpath: //*[text() = 'Add New Service Delivery Type']'.</msg>
<status status="PASS" starttime="20180803 09:52:27.800" endtime="20180803 09:52:29.009"></status>
</kw>
<status status="PASS" starttime="20180803 09:52:27.796" endtime="20180803 09:52:29.009"></status>
</kw>
<status status="PASS" starttime="20180803 09:52:26.102" endtime="20180803 09:52:29.009"></status>
</kw>
<kw name="Input Text" library="SeleniumLibrary">
<doc>Types the given ``text`` into text field identified by ``locator``.</doc>
<arguments>
<arg>id: Category1</arg>
<arg>@{branch}[0]</arg>
</arguments>
<msg timestamp="20180803 09:52:29.009" level="INFO">Typing text 'Cat 1' into text field 'id: Category1'.</msg>
<status status="PASS" starttime="20180803 09:52:29.009" endtime="20180803 09:52:30.815"></status>
</kw>
<kw name="Input Text" library="SeleniumLibrary">
<doc>Types the given ``text`` into text field identified by ``locator``.</doc>
<arguments>
<arg>id: Category2</arg>
<arg>@{branch}[1]</arg>
</arguments>
<msg timestamp="20180803 09:52:30.815" level="INFO">Typing text 'Cat 2' into text field 'id: Category2'.</msg>
<status status="PASS" starttime="20180803 09:52:30.815" endtime="20180803 09:52:32.571"></status>
</kw>
<kw name="Input Text" library="SeleniumLibrary">
<doc>Types the given ``text`` into text field identified by ``locator``.</doc>
<arguments>
<arg>id: Category3</arg>
<arg>@{branch}[2]</arg>
</arguments>
<msg timestamp="20180803 09:52:32.571" level="INFO">Typing text 'Cat 3' into text field 'id: Category3'.</msg>
<status status="PASS" starttime="20180803 09:52:32.571" endtime="20180803 09:52:34.268"></status>
</kw>
<kw name="Input Text" library="SeleniumLibrary">
<doc>Types the given ``text`` into text field identified by ``locator``.</doc>
<arguments>
<arg>id: Code</arg>
<arg>${code}</arg>
</arguments>
<msg timestamp="20180803 09:52:34.268" level="INFO">Typing text 'AUTO_GEN_SDT_0' into text field 'id: Code'.</msg>
<status status="PASS" starttime="20180803 09:52:34.268" endtime="20180803 09:52:36.135"></status>
</kw>
<kw name="Input Text" library="SeleniumLibrary">
<doc>Types the given ``text`` into text field identified by ``locator``.</doc>
<arguments>
<arg>id: Text</arg>
<arg>${text}</arg>
</arguments>
<msg timestamp="20180803 09:52:36.135" level="INFO">Typing text 'Auto Gen SDT From Cat 3' into text field 'id: Text'.</msg>
<status status="PASS" starttime="20180803 09:52:36.135" endtime="20180803 09:52:38.063"></status>
</kw>
<kw name="Click Confirm" library="generickeywords">
<kw name="Click Button" library="SeleniumLibrary">
<doc>Clicks button identified by ``locator``.</doc>
<arguments>
<arg>class: btn-success</arg>
</arguments>
<msg timestamp="20180803 09:52:38.067" level="INFO">Clicking button 'class: btn-success'.</msg>
<status status="PASS" starttime="20180803 09:52:38.063" endtime="20180803 09:52:40.742"></status>
</kw>
<status status="PASS" starttime="20180803 09:52:38.063" endtime="20180803 09:52:40.742"></status>
</kw>
<status status="PASS" starttime="20180803 09:52:26.102" endtime="20180803 09:52:40.742"></status>
</kw>
<kw name="Increment Counter" library="variables">
<kw name="+">
<arguments>
<arg>1</arg>
</arguments>
<assign>
<var>${counter}=</var>
<var>${counter}</var>
</assign>
<msg timestamp="20180803 09:52:40.754" level="FAIL">No keyword with name '+' found.</msg>
<status status="FAIL" starttime="20180803 09:52:40.754" endtime="20180803 09:52:40.754"></status>
</kw>
<status status="FAIL" starttime="20180803 09:52:40.742" endtime="20180803 09:52:40.754"></status>
</kw>
<kw name="Refresh Unity" library="unitykeywords" type="teardown">
<kw name="Reload Page" library="SeleniumLibrary">
<doc>Simulates user reloading page.</doc>
<status status="PASS" starttime="20180803 09:52:40.758" endtime="20180803 09:52:41.474"></status>
</kw>
<kw name="Sleep" library="BuiltIn">
<doc>Pauses the test executed for the given time.</doc>
<arguments>
<arg>2</arg>
</arguments>
<msg timestamp="20180803 09:52:43.475" level="INFO">Slept 2 seconds</msg>
<status status="PASS" starttime="20180803 09:52:41.474" endtime="20180803 09:52:43.475"></status>
</kw>
<status status="PASS" starttime="20180803 09:52:40.754" endtime="20180803 09:52:43.475"></status>
</kw>
<status status="FAIL" starttime="20180803 09:52:24.816" endtime="20180803 09:52:43.475" critical="yes">No keyword with name '+' found.</status>
</test>
<test id="s1-t3" name="Remove SDT Cat 3">
<kw name="Click Text" library="generickeywords">
<arguments>
<arg>AutoTest Cat 1</arg>
</arguments>
<kw name="Text XPath" library="generickeywords">
<arguments>
<arg>${nodename}</arg>
</arguments>
<assign>
<var>${nodename}</var>
</assign>
<msg timestamp="20180803 09:52:43.478" level="INFO">${nodename} = xpath: //*[text() = 'AutoTest Cat 1']</msg>
<status status="PASS" starttime="20180803 09:52:43.478" endtime="20180803 09:52:43.478"></status>
</kw>
<kw name="Click Element" library="SeleniumLibrary">
<doc>Click element identified by ``locator``.</doc>
<arguments>
<arg>${nodename}</arg>
</arguments>
<msg timestamp="20180803 09:52:43.478" level="INFO">Clicking element 'xpath: //*[text() = 'AutoTest Cat 1']'.</msg>
<status status="PASS" starttime="20180803 09:52:43.478" endtime="20180803 09:52:44.721"></status>
</kw>
<status status="PASS" starttime="20180803 09:52:43.475" endtime="20180803 09:52:44.721"></status>
</kw>
<kw name="Element Should Be Visible" library="SeleniumLibrary">
<doc>Verifies that the element identified by ``locator`` is visible.</doc>
<arguments>
<arg>xpath: //*[text()= 'Auto Gen SDT From Cat 3']</arg>
</arguments>
<kw name="Capture Page Screenshot" library="SeleniumLibrary">
<doc>Takes screenshot of the current page and embeds it into log file.</doc>
<msg timestamp="20180803 09:52:46.356" level="INFO" html="yes">&lt;/td&gt;&lt;/tr&gt;&lt;tr&gt;&lt;td colspan="3"&gt;&lt;a href="selenium-screenshot-24.png"&gt;&lt;img src="selenium-screenshot-24.png" width="800px"&gt;&lt;/a&gt;</msg>
<status status="PASS" starttime="20180803 09:52:45.263" endtime="20180803 09:52:46.356"></status>
</kw>
<msg timestamp="20180803 09:52:46.360" level="FAIL">Element with locator 'xpath: //*[text()= 'Auto Gen SDT From Cat 3']' not found.</msg>
<status status="FAIL" starttime="20180803 09:52:44.722" endtime="20180803 09:52:46.364"></status>
</kw>
<kw name="Refresh Unity" library="unitykeywords" type="teardown">
<kw name="Reload Page" library="SeleniumLibrary">
<doc>Simulates user reloading page.</doc>
<status status="PASS" starttime="20180803 09:52:46.364" endtime="20180803 09:52:47.036"></status>
</kw>
<kw name="Sleep" library="BuiltIn">
<doc>Pauses the test executed for the given time.</doc>
<arguments>
<arg>2</arg>
</arguments>
<msg timestamp="20180803 09:52:49.038" level="INFO">Slept 2 seconds</msg>
<status status="PASS" starttime="20180803 09:52:47.036" endtime="20180803 09:52:49.038"></status>
</kw>
<status status="PASS" starttime="20180803 09:52:46.364" endtime="20180803 09:52:49.038"></status>
</kw>
<status status="FAIL" starttime="20180803 09:52:43.475" endtime="20180803 09:52:49.038" critical="yes">Element with locator 'xpath: //*[text()= 'Auto Gen SDT From Cat 3']' not found.</status>
</test>
<kw name="Close Browser" library="SeleniumLibrary" type="teardown">
<doc>Closes the current browser.</doc>
<status status="PASS" starttime="20180803 09:52:49.042" endtime="20180803 09:52:51.921"></status>
</kw>
<status status="FAIL" starttime="20180803 09:52:11.289" endtime="20180803 09:52:51.921"></status>
</suite>
<statistics>
<total>
<stat pass="0" fail="3">Critical Tests</stat>
<stat pass="0" fail="3">All Tests</stat>
</total>
<tag>
</tag>
<suite>
<stat pass="0" fail="3" id="s1" name="UnitySuite">UnitySuite</stat>
</suite>
</statistics>
<errors>
</errors>
</robot>
